<?xml version="1.0" encoding="UTF-8"?>
<!-- Generated by org.testng.reporters.JUnitReportReporter -->
<testsuite skipped="0" hostname="manish-Latitude-3460" name="runner.base.master.DepartmentTest" tests="1" failures="0" timestamp="19 May 2020 17:18:29 GMT" time="55.442" errors="0">
  <testcase name="runScenario" time="55.442" classname="runner.base.master.DepartmentTest"/>
</testsuite> <!-- runner.base.master.DepartmentTest -->
