<?xml version="1.0" encoding="UTF-8"?>
<!-- Generated by org.testng.reporters.JUnitReportReporter -->
<testsuite skipped="0" hostname="manish-Latitude-3460" name="runner.base.patient.ObservationVitalFormTest" tests="4" failures="0" timestamp="27 May 2020 08:49:17 GMT" time="185.508" errors="0">
  <testcase name="runScenario" time="50.589" classname="runner.base.patient.ObservationVitalFormTest"/>
  <testcase name="runScenario" time="46.310" classname="runner.base.patient.ObservationVitalFormTest"/>
  <testcase name="runScenario" time="48.221" classname="runner.base.patient.ObservationVitalFormTest"/>
  <testcase name="runScenario" time="40.388" classname="runner.base.patient.ObservationVitalFormTest"/>
</testsuite> <!-- runner.base.patient.ObservationVitalFormTest -->
